Arguments: 
  /usr/local/Cellar/node/7.5.0/bin/node /usr/local/bin/yarn init

PATH: 
  /usr/local/var/pyenv/shims:/usr/local/sbin:/usr/local/bin:/usr/bin:/bin:/usr/sbin:/sbin:~/bin:/Users/marcos/moz-git-tools:/Users/marcos/bin/git-remote-hg:/Users/marcos/git-cinnabar:/Users/marcos/.cargo/bin:

Yarn version: 
  0.18.1

Node version: 
  7.5.0

Platform: 
  darwin x64

npm manifest: 
  {
    "name": "respec.org",
    "version": "0.0.0",
    "description": "respec.org website",
    "main": "index.js",
    "scripts": {
      "test": "test"
    },
    "repository": {
      "type": "git",
      "url": "git+ssh://git@github.com/marcoscaceres/respec.org.git"
    },
    "author": "Marcos Caceres",
    "license": "ISC",
    "bugs": {
      "url": "https://github.com/marcoscaceres/respec.org/issues"
    },
    "homepage": "https://github.com/marcoscaceres/respec.org#readme"
  }

yarn manifest: 
  No manifest

Lockfile: 
  No lockfile

Trace: 
  TypeError: Cannot convert object to primitive value
      at Object.<anonymous> (/usr/local/lib/node_modules/yarn/lib/cli/commands/init.js:93:27)
      at Generator.next (<anonymous>)
      at step (/usr/local/lib/node_modules/yarn/node_modules/babel-runtime/helpers/asyncToGenerator.js:17:30)
      at /usr/local/lib/node_modules/yarn/node_modules/babel-runtime/helpers/asyncToGenerator.js:28:13
      at process._tickCallback (internal/process/next_tick.js:103:7)
